This is LuaTeX, Version beta-0.79.1 (MiKTeX 2.9) (rev 4971)  (format=lualatex 2015.5.28)  6 AUG 2015 14:25
**CONTENT_Sem.tex
(./CONTENT_Sem.tex
LaTeX2e <2015/01/01>
Babel <3.9l> and hyphenation patterns for 69 languages loaded.
(./HEADER_Sem.tex ("C:/Program Files (x86)/MiKTeX 2.9/tex/latex/base/article.cl
s"
Document Class: article 2014/09/29 v1.4h Standard LaTeX document class
("C:/Program Files (x86)/MiKTeX 2.9/tex/latex/base/size12.clo"
File: size12.clo 2014/09/29 v1.4h Standard LaTeX file (size option)
)
\c@part=\count79
\c@section=\count80
\c@subsection=\count81
\c@subsubsection=\count82
\c@paragraph=\count83
\c@subparagraph=\count84
\c@figure=\count85
\c@table=\count86
\abovecaptionskip=\skip41
\belowcaptionskip=\skip42
\bibindent=\dimen102
)
("C:/Program Files (x86)/MiKTeX 2.9/tex/latex/base/inputenc.sty"
Package: inputenc 2015/03/17 v1.2c Input encoding file
\inpenc@prehook=\toks14
\inpenc@posthook=\toks15


Package inputenc Warning: inputenc package ignored with utf8 based engines.

) ("C:/Program Files (x86)/MiKTeX 2.9/tex/latex/base/fontenc.sty"
Package: fontenc 2005/09/27 v1.99g Standard LaTeX package

("C:/Program Files (x86)/MiKTeX 2.9/tex/latex/base/t1enc.def"
File: t1enc.def 2005/09/27 v1.99g Standard LaTeX file
LaTeX Font Info:    Redeclaring font encoding T1 on input line 48.
))
("C:/Program Files (x86)/MiKTeX 2.9/tex/latex/babel/babel.sty"
Package: babel 2014/09/25 3.9l The Babel package

*************************************
* Local config file bblopts.cfg used
*
("C:/Program Files (x86)/MiKTeX 2.9/tex/latex/00miktex/bblopts.cfg"
File: bblopts.cfg 2006/07/31 v1.0 MiKTeX 'babel' configuration
)
("C:/Program Files (x86)/MiKTeX 2.9/tex/latex/babel-german/ngerman.ldf"
Language: ngerman 2013/12/13 v2.7 German support for babel (new orthography)

("C:/Program Files (x86)/MiKTeX 2.9/tex/latex/babel-german/ngermanb.ldf"
Language: ngermanb 2013/12/13 v2.7 German support for babel (new orthography)

("C:/Program Files (x86)/MiKTeX 2.9/tex/latex/babel/babel.def"
File: babel.def 2014/09/25 3.9l Babel common definitions
\babel@savecnt=\count87
\U@D=\dimen103

("C:/Program Files (x86)/MiKTeX 2.9/tex/latex/babel/luababel.def"
luatex-hyphen: using data file: C:/Users/spech.OFFICE/AppData/Roaming/MiKTeX/2.9
/tex/generic/config/language.dat.lua))
\l@naustrian = a dialect from \language\l@ngerman 
\l@nswissgerman = a dialect from \language\l@ngerman 
Package babel Info: Making " an active character on input line 88.
luatex-hyphen: loading patterns and exceptions for: ngerman (\language44))))
("C:/Program Files (x86)/MiKTeX 2.9/tex/latex/float/float.sty"
Package: float 2001/11/08 v1.3d Float enhancements (AL)
\c@float@type=\count88
\float@exts=\toks16
\float@box=\box26
\@float@everytoks=\toks17
\@floatcapt=\box27
)
("C:/Program Files (x86)/MiKTeX 2.9/tex/latex/graphics/graphicx.sty"
Package: graphicx 2014/10/28 v1.0g Enhanced LaTeX Graphics (DPC,SPQR)

("C:/Program Files (x86)/MiKTeX 2.9/tex/latex/graphics/keyval.sty"
Package: keyval 2014/10/28 v1.15 key=value parser (DPC)
\KV@toks@=\toks18
)
("C:/Program Files (x86)/MiKTeX 2.9/tex/latex/graphics/graphics.sty"
Package: graphics 2014/10/28 v1.0p Standard LaTeX Graphics (DPC,SPQR)

("C:/Program Files (x86)/MiKTeX 2.9/tex/latex/graphics/trig.sty"
Package: trig 1999/03/16 v1.09 sin cos tan (DPC)
)
("C:/Program Files (x86)/MiKTeX 2.9/tex/latex/00miktex/graphics.cfg"
File: graphics.cfg 2007/01/18 v1.5 graphics configuration of teTeX/TeXLive
)
Package graphics Info: Driver file: pdftex.def on input line 94.

("C:/Program Files (x86)/MiKTeX 2.9/tex/latex/pdftex-def/pdftex.def"
File: pdftex.def 2011/05/27 v0.06d Graphics/color for pdfTeX

("C:/Program Files (x86)/MiKTeX 2.9/tex/generic/oberdiek/infwarerr.sty"
Package: infwarerr 2010/04/08 v1.3 Providing info/warning/error messages (HO)
)
("C:/Program Files (x86)/MiKTeX 2.9/tex/generic/oberdiek/ltxcmds.sty"
Package: ltxcmds 2011/11/09 v1.22 LaTeX kernel commands for general use (HO)
)
("C:/Program Files (x86)/MiKTeX 2.9/tex/generic/oberdiek/pdftexcmds.sty"
Package: pdftexcmds 2011/11/29 v0.20 Utility functions of pdfTeX for LuaTeX (HO)


("C:/Program Files (x86)/MiKTeX 2.9/tex/generic/oberdiek/ifluatex.sty"
Package: ifluatex 2010/03/01 v1.3 Provides the ifluatex switch (HO)
Package ifluatex Info: LuaTeX detected.
)
("C:/Program Files (x86)/MiKTeX 2.9/tex/generic/oberdiek/ifpdf.sty"
Package: ifpdf 2011/01/30 v2.3 Provides the ifpdf switch (HO)
Package ifpdf Info: pdfTeX in PDF mode is detected.
)
Package pdftexcmds Info: \pdf@primitive is available.
Package pdftexcmds Info: \pdf@ifprimitive is available.
Package pdftexcmds Info: \pdfdraftmode found.

("C:/Program Files (x86)/MiKTeX 2.9/tex/generic/oberdiek/luatex-loader.sty"
Package: luatex-loader 2010/03/09 v0.4 Lua module loader (HO)

(C:/Program Files (x86)/MiKTeX 2.9/scripts/oberdiek/oberdiek.luatex.lua))
\pdftexcmds@toks=\toks19
)
\Gread@gobject=\count89
))
\Gin@req@height=\dimen104
\Gin@req@width=\dimen105
)
("C:/Program Files (x86)/MiKTeX 2.9/tex/latex/amsmath/amsmath.sty"
Package: amsmath 2013/01/14 v2.14 AMS math features
\@mathmargin=\skip43

For additional information on amsmath, use the `?' option.
("C:/Program Files (x86)/MiKTeX 2.9/tex/latex/amsmath/amstext.sty"
Package: amstext 2000/06/29 v2.01

("C:/Program Files (x86)/MiKTeX 2.9/tex/latex/amsmath/amsgen.sty"
File: amsgen.sty 1999/11/30 v2.0
\@emptytoks=\toks20
\ex@=\dimen106
))
("C:/Program Files (x86)/MiKTeX 2.9/tex/latex/amsmath/amsbsy.sty"
Package: amsbsy 1999/11/29 v1.2d
\pmbraise@=\dimen107
)
("C:/Program Files (x86)/MiKTeX 2.9/tex/latex/amsmath/amsopn.sty"
Package: amsopn 1999/12/14 v2.01 operator names
)
\inf@bad=\count90
LaTeX Info: Redefining \frac on input line 210.
\uproot@=\count91
\leftroot@=\count92
LaTeX Info: Redefining \overline on input line 306.
\classnum@=\count93
\DOTSCASE@=\count94
LaTeX Info: Redefining \ldots on input line 378.
LaTeX Info: Redefining \dots on input line 381.
LaTeX Info: Redefining \cdots on input line 466.
\Mathstrutbox@=\box28
\strutbox@=\box29
\big@size=\dimen108
LaTeX Font Info:    Redeclaring font encoding OML on input line 566.
LaTeX Font Info:    Redeclaring font encoding OMS on input line 567.
\macc@depth=\count95
\c@MaxMatrixCols=\count96
\dotsspace@=\muskip10
\c@parentequation=\count97
\dspbrk@lvl=\count98
\tag@help=\toks21
\row@=\count99
\column@=\count100
\maxfields@=\count101
\andhelp@=\toks22
\eqnshift@=\dimen109
\alignsep@=\dimen110
\tagshift@=\dimen111
\tagwidth@=\dimen112
\totwidth@=\dimen113
\lineht@=\dimen114
\@envbody=\toks23
\multlinegap=\skip44
\multlinetaggap=\skip45
\mathdisplay@stack=\toks24
LaTeX Info: Redefining \[ on input line 2665.
LaTeX Info: Redefining \] on input line 2666.
)
("C:/Program Files (x86)/MiKTeX 2.9/tex/latex/amsfonts/amssymb.sty"
Package: amssymb 2013/01/14 v3.01 AMS font symbols

("C:/Program Files (x86)/MiKTeX 2.9/tex/latex/amsfonts/amsfonts.sty"
Package: amsfonts 2013/01/14 v3.01 Basic AMSFonts support
\symAMSa=\mathgroup4
\symAMSb=\mathgroup5
LaTeX Font Info:    Overwriting math alphabet `\mathfrak' in version `bold'
(Font)                  U/euf/m/n --> U/euf/b/n on input line 106.
))
("C:/Program Files (x86)/MiKTeX 2.9/tex/latex/fancyhdr/fancyhdr.sty"
\fancy@headwidth=\skip46
\f@ncyO@elh=\skip47
\f@ncyO@erh=\skip48
\f@ncyO@olh=\skip49
\f@ncyO@orh=\skip50
\f@ncyO@elf=\skip51
\f@ncyO@erf=\skip52
\f@ncyO@olf=\skip53
\f@ncyO@orf=\skip54
)
("C:/Program Files (x86)/MiKTeX 2.9/tex/latex/anyfontsize/anyfontsize.sty"
Package: anyfontsize 2007/11/22 anyfontsize.sty by pts
)
("C:/Program Files (x86)/MiKTeX 2.9/tex/latex/titlesec/titlesec.sty"
Package: titlesec 2011/12/15 v2.10.0 Sectioning titles
\ttl@box=\box30
\beforetitleunit=\skip55
\aftertitleunit=\skip56
\ttl@plus=\dimen115
\ttl@minus=\dimen116
\ttl@toksa=\toks25
\titlewidth=\dimen117
\titlewidthlast=\dimen118
\titlewidthfirst=\dimen119
)
("C:/Program Files (x86)/MiKTeX 2.9/tex/latex/caption/caption.sty"
Package: caption 2013/05/02 v3.3-89 Customizing captions (AR)

("C:/Program Files (x86)/MiKTeX 2.9/tex/latex/caption/caption3.sty"
Package: caption3 2013/05/02 v1.6-88 caption3 kernel (AR)
Package caption3 Info: TeX engine: e-TeX on input line 57.
\captionmargin=\dimen120
\captionmargin@=\dimen121
\captionwidth=\dimen122
\caption@tempdima=\dimen123
\caption@indent=\dimen124
\caption@parindent=\dimen125
\caption@hangindent=\dimen126
)
\c@ContinuedFloat=\count102
Package caption Info: float package is loaded.
)
("C:/Program Files (x86)/MiKTeX 2.9/tex/latex/ucs/ucs.sty"
Package: ucs 2013/05/11 v2.2 UCS: Unicode input support

("C:/Program Files (x86)/MiKTeX 2.9/tex/latex/ucs/uni-global.def"
File: uni-global.def 2013/05/13 UCS: Unicode global data
)
\uc@secondtry=\count103
\uc@combtoks=\toks26
\uc@combtoksb=\toks27
\uc@temptokena=\toks28
)
("C:/Program Files (x86)/MiKTeX 2.9/tex/latex/multirow/multirow.sty"
\bigstrutjot=\dimen127
)
("C:/Program Files (x86)/MiKTeX 2.9/tex/latex/xcolor/xcolor.sty"
Package: xcolor 2007/01/21 v2.11 LaTeX color extensions (UK)

("C:/Program Files (x86)/MiKTeX 2.9/tex/latex/00miktex/color.cfg"
File: color.cfg 2007/01/18 v1.5 color configuration of teTeX/TeXLive
)
Package xcolor Info: Driver file: pdftex.def on input line 225.

("C:/Program Files (x86)/MiKTeX 2.9/tex/latex/colortbl/colortbl.sty"
Package: colortbl 2012/02/13 v1.0a Color table columns (DPC)

("C:/Program Files (x86)/MiKTeX 2.9/tex/latex/tools/array.sty"
Package: array 2014/10/28 v2.4c Tabular extension package (FMi)
\col@sep=\dimen128
\extrarowheight=\dimen129
\NC@list=\toks29
\extratabsurround=\skip57
\backup@length=\skip58
)
\everycr=\toks30
\minrowclearance=\skip59
)
\rownum=\count104
Package xcolor Info: Model `cmy' substituted by `cmy0' on input line 1337.
Package xcolor Info: Model `hsb' substituted by `rgb' on input line 1341.
Package xcolor Info: Model `RGB' extended on input line 1353.
Package xcolor Info: Model `HTML' substituted by `rgb' on input line 1355.
Package xcolor Info: Model `Hsb' substituted by `hsb' on input line 1356.
Package xcolor Info: Model `tHsb' substituted by `hsb' on input line 1357.
Package xcolor Info: Model `HSB' substituted by `hsb' on input line 1358.
Package xcolor Info: Model `Gray' substituted by `gray' on input line 1359.
Package xcolor Info: Model `wave' substituted by `hsb' on input line 1360.
)
("C:/Program Files (x86)/MiKTeX 2.9/tex/lualatex/luacode/luacode.sty"
Package: luacode 2012/01/23 v1.2a lua-in-tex helpers (mpg)

("C:/Program Files (x86)/MiKTeX 2.9/tex/luatex/luatexbase/luatexbase.sty"
Package: luatexbase 2013/05/11 v0.6 Resource management for the LuaTeX macro pro
grammer

("C:/Program Files (x86)/MiKTeX 2.9/tex/generic/oberdiek/luatex.sty"
Package: luatex 2010/03/09 v0.4 LuaTeX basic definition package (HO)

("C:/Program Files (x86)/MiKTeX 2.9/tex/latex/misc/etex.sty"
Package: etex 2015/03/02 v2.1 eTeX basic definition package (PEB,DPC)
\et@xins=\count105
)
\LuT@AllocAttribute=\count277
\LuT@AllocCatcodeTable=\count278
\CatcodeTableStack=\count279
\CatcodeTableIniTeX=\catcodetable1
\CatcodeTableString=\catcodetable3
\CatcodeTableOther=\catcodetable5
\CatcodeTableLaTeX=\catcodetable7
)
("C:/Program Files (x86)/MiKTeX 2.9/tex/luatex/luatexbase/luatexbase-compat.sty
"
Package: luatexbase-compat 2011/05/24 v0.4 Compatibility tools for LuaTeX
)
("C:/Program Files (x86)/MiKTeX 2.9/tex/luatex/luatexbase/luatexbase-modutils.s
ty"
Package: luatexbase-modutils 2013/05/11 v0.6 Module utilities for LuaTeX

("C:/Program Files (x86)/MiKTeX 2.9/tex/luatex/luatexbase/luatexbase-loader.sty
"
Package: luatexbase-loader 2013/05/11 v0.6 Lua module loader for LuaTeX

(C:/Program Files (x86)/MiKTeX 2.9/tex/luatex/luatexbase/luatexbase.loader.lua))
(C:/Program Files (x86)/MiKTeX 2.9/tex/luatex/luatexbase/modutils.lua)
Lua module: luatexbase-modutils 2013/05/11 0.6 Module utilities for LuaTeX
)
("C:/Program Files (x86)/MiKTeX 2.9/tex/luatex/luatexbase/luatexbase-regs.sty"
Package: luatexbase-regs 2011/05/24 v0.4 Registers allocation for LuaTeX
)
("C:/Program Files (x86)/MiKTeX 2.9/tex/luatex/luatexbase/luatexbase-attr.sty"
Package: luatexbase-attr 2013/05/11 v0.6 Attributes allocation for LuaTeX

(C:/Program Files (x86)/MiKTeX 2.9/tex/luatex/luatexbase/attr.lua)
Lua module: luatexbase-attr 2013/05/11 0.6 Attributes allocation for LuaTeX
\lltxb@attr@unsetvalue=\count280
)
("C:/Program Files (x86)/MiKTeX 2.9/tex/luatex/luatexbase/luatexbase-cctb.sty"
Package: luatexbase-cctb 2013/05/11 v0.6 Catcodetable allocation for LuaTeX

(C:/Program Files (x86)/MiKTeX 2.9/tex/luatex/luatexbase/cctb.lua)
Lua module: luatexbase-cctb 2013/05/11 0.6 Catcodetable allocation for LuaTeX
\lltxb@catcodetable@alloc=\count281
\CatcodeTableStack=\count282
\CatcodeTableIniTeX=\luatexcatcodetable1
\CatcodeTableString=\luatexcatcodetable3
\CatcodeTableOther=\luatexcatcodetable5
\CatcodeTableLaTeX=\luatexcatcodetable7
\CatcodeTableLaTeXAtLetter=\luatexcatcodetable9
\CatcodeTableExpl=\luatexcatcodetable11
)
("C:/Program Files (x86)/MiKTeX 2.9/tex/luatex/luatexbase/luatexbase-mcb.sty"
Package: luatexbase-mcb 2013/05/11 v0.6 Callback management for LuaTeX

(C:/Program Files (x86)/MiKTeX 2.9/tex/luatex/luatexbase/mcb.lua)
Lua module: luatexbase-mcb 2013/05/11 0.6 register several functions in a callba
ck
))
\luacode@lines=\toks31
\luacode@table@soft=\luatexcatcodetable13
)
("C:/Program Files (x86)/MiKTeX 2.9/tex/latex/breqn/breqn.sty"
("C:/Program Files (x86)/MiKTeX 2.9/tex/latex/l3kernel/expl3.sty"
Package: expl3 2015/03/01 v5547 L3 programming layer (loader) 

("C:/Program Files (x86)/MiKTeX 2.9/tex/latex/l3kernel/expl3-code.tex"
Package: expl3 2015/03/01 v5547 L3 programming layer (code) 
L3 Module: l3bootstrap 2015/02/28 v5542 L3 Bootstrap code
L3 Module: l3names 2015/02/24 v5535 L3 Namespace for primitives
L3 Module: l3basics 2015/01/27 v5500 L3 Basic definitions
L3 Module: l3expan 2014/11/27 v5472 L3 Argument expansion
L3 Module: l3tl 2015/01/27 v5500 L3 Token lists
L3 Module: l3str 2015/03/01 v5545 L3 Strings
L3 Module: l3seq 2014/08/23 v5354 L3 Sequences and stacks
L3 Module: l3int 2015/02/21 v5529 L3 Integers
\c_max_int=\count283
\l_tmpa_int=\count284
\l_tmpb_int=\count285
\g_tmpa_int=\count286
\g_tmpb_int=\count287
L3 Module: l3quark 2014/08/23 v5354 L3 Quarks
L3 Module: l3prg 2014/08/23 v5354 L3 Control structures
\g__prg_map_int=\count288
L3 Module: l3clist 2014/08/23 v5354 L3 Comma separated lists
L3 Module: l3token 2014/09/15 v5422 L3 Experimental token manipulation
L3 Module: l3prop 2014/08/23 v5354 L3 Property lists
L3 Module: l3msg 2015/02/26 v5537 L3 Messages
L3 Module: l3file 2014/08/24 v5369 L3 File and I/O operations
\l_iow_line_count_int=\count289
\l__iow_target_count_int=\count290
\l__iow_current_line_int=\count291
\l__iow_current_word_int=\count292
\l__iow_current_indentation_int=\count293
L3 Module: l3skip 2014/08/23 v5354 L3 Dimensions and skips
\c_zero_dim=\dimen256
\c_max_dim=\dimen257
\l_tmpa_dim=\dimen258
\l_tmpb_dim=\dimen259
\g_tmpa_dim=\dimen260
\g_tmpb_dim=\dimen261
\c_zero_skip=\skip256
\c_max_skip=\skip257
\l_tmpa_skip=\skip258
\l_tmpb_skip=\skip259
\g_tmpa_skip=\skip260
\g_tmpb_skip=\skip261
\c_zero_muskip=\muskip11
\c_max_muskip=\muskip12
\l_tmpa_muskip=\muskip13
\l_tmpb_muskip=\muskip14
\g_tmpa_muskip=\muskip15
\g_tmpb_muskip=\muskip16
L3 Module: l3keys 2015/01/27 v5500 L3 Key-value interfaces
\g__keyval_level_int=\count294
\l_keys_choice_int=\count295
L3 Module: l3fp 2014/08/22 v5336 L3 Floating points
\c__fp_leading_shift_int=\count296
\c__fp_middle_shift_int=\count297
\c__fp_trailing_shift_int=\count298
\c__fp_big_leading_shift_int=\count299
\c__fp_big_middle_shift_int=\count300
\c__fp_big_trailing_shift_int=\count301
\c__fp_Bigg_leading_shift_int=\count302
\c__fp_Bigg_middle_shift_int=\count303
\c__fp_Bigg_trailing_shift_int=\count304
L3 Module: l3box 2014/08/23 v5354 L3 Experimental boxes
\c_empty_box=\box256
\l_tmpa_box=\box257
\l_tmpb_box=\box258
\g_tmpa_box=\box259
\g_tmpb_box=\box260
L3 Module: l3coffins 2014/08/23 v5354 L3 Coffin code layer
\l__coffin_internal_box=\box261
\l__coffin_internal_dim=\dimen262
\l__coffin_offset_x_dim=\dimen263
\l__coffin_offset_y_dim=\dimen264
\l__coffin_x_dim=\dimen265
\l__coffin_y_dim=\dimen266
\l__coffin_x_prime_dim=\dimen267
\l__coffin_y_prime_dim=\dimen268
\c_empty_coffin=\box262
\l__coffin_aligned_coffin=\box263
\l__coffin_aligned_internal_coffin=\box264
\l_tmpa_coffin=\box265
\l_tmpb_coffin=\box266
\l__coffin_display_coffin=\box267
\l__coffin_display_coord_coffin=\box268
\l__coffin_display_pole_coffin=\box269
\l__coffin_display_offset_dim=\dimen269
\l__coffin_display_x_dim=\dimen270
\l__coffin_display_y_dim=\dimen271
L3 Module: l3color 2014/08/23 v5354 L3 Experimental color support
L3 Module: l3candidates 2015/03/01 v5544 L3 Experimental additions to l3kernel
\l__box_top_dim=\dimen272
\l__box_bottom_dim=\dimen273
\l__box_left_dim=\dimen274
\l__box_right_dim=\dimen275
\l__box_top_new_dim=\dimen276
\l__box_bottom_new_dim=\dimen277
\l__box_left_new_dim=\dimen278
\l__box_right_new_dim=\dimen279
\l__box_internal_box=\box270
\l__coffin_bounding_shift_dim=\dimen280
\l__coffin_left_corner_dim=\dimen281
\l__coffin_right_corner_dim=\dimen282
\l__coffin_bottom_corner_dim=\dimen283
\l__coffin_top_corner_dim=\dimen284
\l__coffin_scaled_total_height_dim=\dimen285
\l__coffin_scaled_width_dim=\dimen286
)
("C:/Program Files (x86)/MiKTeX 2.9/tex/latex/l3kernel/l3unicode-data.def"
File: l3unicode-data.def 2015/03/01 v5544 L3 Unicode data
)
("C:/Program Files (x86)/MiKTeX 2.9/tex/latex/l3kernel/l3pdfmode.def"
File: l3pdfmode.def 2015/03/01 v5544 L3 Experimental driver: PDF mode
\l__driver_color_stack_int=\count305
))
Package: breqn 2012/05/10 v0.98b Breaking equations

("C:/Program Files (x86)/MiKTeX 2.9/tex/latex/breqn/flexisym.sty"
Package: flexisym 2013/03/16 v0.97c Make math characters macros
LaTeX Info: Redefining \textprime on input line 299.
LaTeX Info: Redefining \not on input line 357.

("C:/Program Files (x86)/MiKTeX 2.9/tex/latex/breqn/cmbase.sym"
File: cmbase.sym 2007/12/19 v0.92
LaTeX Info: Redefining \hbar on input line 324.
LaTeX Info: Redefining \surd on input line 326.
LaTeX Info: Redefining \angle on input line 334.
LaTeX Info: Redefining \neq on input line 335.
LaTeX Info: Redefining \mapsto on input line 336.
LaTeX Info: Redefining \cong on input line 337.
LaTeX Info: Redefining \notin on input line 340.
LaTeX Info: Redefining \rightleftharpoons on input line 341.
LaTeX Info: Redefining \doteq on input line 342.
LaTeX Info: Redefining \hookrightarrow on input line 343.
LaTeX Info: Redefining \hookleftarrow on input line 344.
LaTeX Info: Redefining \bowtie on input line 345.
LaTeX Info: Redefining \models on input line 346.
LaTeX Info: Redefining \Longrightarrow on input line 347.
LaTeX Info: Redefining \longrightarrow on input line 348.
LaTeX Info: Redefining \Longleftarrow on input line 349.
LaTeX Info: Redefining \longleftarrow on input line 350.
LaTeX Info: Redefining \longmapsto on input line 351.
LaTeX Info: Redefining \longleftrightarrow on input line 352.
LaTeX Info: Redefining \Longleftrightarrow on input line 353.
LaTeX Info: Redefining \cdots on input line 357.
LaTeX Info: Redefining \vdots on input line 360.
LaTeX Info: Redefining \ddots on input line 365.
)
("C:/Program Files (x86)/MiKTeX 2.9/tex/latex/breqn/mathstyle.sty"
Package: mathstyle 2014/06/10 v0.90a Tracking mathstyle implicitly
LaTeX Info: Redefining \displaystyle on input line 82.
LaTeX Info: Redefining \textstyle on input line 84.
LaTeX Info: Redefining \scriptstyle on input line 86.
LaTeX Info: Redefining \scriptscriptstyle on input line 88.
LaTeX Info: Redefining \genfrac on input line 122.
))
("C:/Program Files (x86)/MiKTeX 2.9/tex/latex/tools/calc.sty"
Package: calc 2014/10/28 v4.3 Infix arithmetic (KKT,FJ)
\calc@Acount=\count306
\calc@Bcount=\count307
\calc@Adimen=\dimen287
\calc@Bdimen=\dimen288
\calc@Askip=\skip262
\calc@Bskip=\skip263
LaTeX Info: Redefining \setlength on input line 80.
LaTeX Info: Redefining \addtolength on input line 81.
\calc@Ccount=\count308
\calc@Cskip=\skip264
)
\inf@bad=\count309
\maxint=\count310
\listwidth=\dimen289
\eqnumsep=\dimen290
\eqmargin=\dimen291
\eqlinespacing=\skip265
\eqlineskip=\skip266
\eqlineskiplimit=\dimen292
\eqbinoffset=\muskip17
\eqdelimoffset=\muskip18
\eqindentstep=\dimen293
\eqstyle=\toks32
\eqbreakdepth=\count311
\eqinterlinepenalty=\count312
\intereqpenalty=\count313
\intereqskip=\skip267
\prerelpenalty=\count314
\prebinoppenalty=\count315
\Dmedmuskip=\muskip19
\Dthickmuskip=\muskip20
\eqleftskip=\skip268
\eqrightskip=\skip269
\eq@vspan=\skip270
\eq@binoffset=\muskip21
\EQ@box=\box271
\EQ@copy=\box272
\EQ@numbox=\box273
\eq@wdNum=\dimen294
\GRP@numbox=\box274
\grp@wdNum=\dimen295
\eq@lines=\count316
\eq@curline=\count317
\eq@badness=\count318
\EQ@vims=\count319
\eq@dp=\dimen296
\eq@wdL=\dimen297
\eq@wdT=\dimen298
\eq@wdMin=\dimen299
\grp@wdL=\dimen300
\grp@wdR=\dimen301
\grp@wdT=\dimen302
\eq@wdRmax=\dimen303
\eq@firstht=\dimen304
\eq@wdCond=\dimen305
\eq@indentstep=\dimen306
\eq@linewidth=\dimen307
\grp@linewidth=\dimen308
\eq@hshift=\dimen309
\eq@given@sidespace=\dimen310
\mathindent=\dimen311
\eq@final@linecount=\count320
\eq@wdR=\dimen312
\EQ@continue=\toks33
\lr@level=\count321
\GRP@queue=\toks34
\GRP@box=\box275
\GRP@wholebox=\box276
\darraycolsep=\skip271
\cur@row=\count322
\cur@col=\count323
\conditionsep=\skip272
)
("C:/Program Files (x86)/MiKTeX 2.9/tex/latex/listings/listings.sty"
\lst@mode=\count324
\lst@gtempboxa=\box277
\lst@token=\toks35
\lst@length=\count325
\lst@currlwidth=\dimen313
\lst@column=\count326
\lst@pos=\count327
\lst@lostspace=\dimen314
\lst@width=\dimen315
\lst@newlines=\count328
\lst@lineno=\count329
\lst@maxwidth=\dimen316

("C:/Program Files (x86)/MiKTeX 2.9/tex/latex/listings/lstmisc.sty"
File: lstmisc.sty 2014/09/06 1.5e (Carsten Heinz)
\c@lstnumber=\count330
\lst@skipnumbers=\count331
\lst@framebox=\box278
)
("C:/Program Files (x86)/MiKTeX 2.9/tex/latex/listings/listings.cfg"
File: listings.cfg 2014/09/06 1.5e listings configuration
))
Package: listings 2014/09/06 1.5e (Carsten Heinz)

("C:/Program Files (x86)/MiKTeX 2.9/tex/latex/geometry/geometry.sty"
Package: geometry 2010/09/12 v5.6 Page Geometry

("C:/Program Files (x86)/MiKTeX 2.9/tex/generic/oberdiek/ifvtex.sty"
Package: ifvtex 2010/03/01 v1.5 Detect VTeX and its facilities (HO)
Package ifvtex Info: VTeX not detected.
)
("C:/Program Files (x86)/MiKTeX 2.9/tex/generic/ifxetex/ifxetex.sty"
Package: ifxetex 2010/09/12 v0.6 Provides ifxetex conditional
)
\Gm@cnth=\count332
\Gm@cntv=\count333
\c@Gm@tempcnt=\count334
\Gm@bindingoffset=\dimen317
\Gm@wd@mp=\dimen318
\Gm@odd@mp=\dimen319
\Gm@even@mp=\dimen320
\Gm@layoutwidth=\dimen321
\Gm@layoutheight=\dimen322
\Gm@layouthoffset=\dimen323
\Gm@layoutvoffset=\dimen324
\Gm@dimlist=\toks36

("C:/Program Files (x86)/MiKTeX 2.9/tex/latex/geometry/geometry.cfg")))
("C:/Program Files (x86)/MiKTeX 2.9/tex/latex/listings/lstlang1.sty"
File: lstlang1.sty 2014/09/06 1.5e listings language file
)
("C:/Program Files (x86)/MiKTeX 2.9/tex/latex/listings/lstlang2.sty"
File: lstlang2.sty 2014/09/06 1.5e listings language file
)
("C:/Program Files (x86)/MiKTeX 2.9/tex/latex/listings/lstlang1.sty"
File: lstlang1.sty 2014/09/06 1.5e listings language file
)
("C:/Program Files (x86)/MiKTeX 2.9/tex/latex/listings/lstlang2.sty"
File: lstlang2.sty 2014/09/06 1.5e listings language file
)
("C:/Program Files (x86)/MiKTeX 2.9/tex/latex/listings/lstlang1.sty"
File: lstlang1.sty 2014/09/06 1.5e listings language file
)
("C:/Program Files (x86)/MiKTeX 2.9/tex/latex/listings/lstlang2.sty"
File: lstlang2.sty 2014/09/06 1.5e listings language file
)
(./CONTENT_Sem.aux)
LaTeX Font Info:    Checking defaults for OML/cmm/m/it on input line 22.
LaTeX Font Info:    ... okay on input line 22.
LaTeX Font Info:    Checking defaults for T1/cmr/m/n on input line 22.
LaTeX Font Info:    ... okay on input line 22.
LaTeX Font Info:    Checking defaults for OT1/cmr/m/n on input line 22.
LaTeX Font Info:    ... okay on input line 22.
LaTeX Font Info:    Checking defaults for OMS/cmsy/m/n on input line 22.
LaTeX Font Info:    ... okay on input line 22.
LaTeX Font Info:    Checking defaults for OMX/cmex/m/n on input line 22.
LaTeX Font Info:    ... okay on input line 22.
LaTeX Font Info:    Checking defaults for U/cmr/m/n on input line 22.
LaTeX Font Info:    ... okay on input line 22.

("C:/Program Files (x86)/MiKTeX 2.9/tex/context/base/supp-pdf.mkii"
[Loading MPS to PDF converter (version 2006.09.02).]
\scratchcounter=\count335
\scratchdimen=\dimen325
\scratchbox=\box279
\nofMPsegments=\count336
\nofMParguments=\count337
\everyMPshowfont=\toks37
\MPscratchCnt=\count338
\MPscratchDim=\dimen326
\MPnumerator=\count339
\makeMPintoPDFobject=\count340
\everyMPtoPDFconversion=\toks38
)
Package caption Info: Begin \AtBeginDocument code.
Package caption Info: listings package is loaded.
Package caption Info: End \AtBeginDocument code.
 ("C:/Program Files (x86)/MiKTeX 2.9/tex/latex/ucs/ucsencs.def"
File: ucsencs.def 2011/01/21 Fixes to fontencodings LGR, T3
)
\c@lstlisting=\count341

*geometry* driver: auto-detecting
*geometry* detected driver: pdftex
*geometry* verbose mode - [ preamble ] result:
* driver: pdftex
* paper: a4paper
* layout: <same size as paper>
* layoutoffset:(h,v)=(0.0pt,0.0pt)
* modes: includehead includefoot 
* h-part:(L,W,R)=(71.13188pt, 455.24411pt, 71.13188pt)
* v-part:(T,H,B)=(56.9055pt, 731.23584pt, 56.9055pt)
* \paperwidth=597.50787pt
* \paperheight=845.04684pt
* \textwidth=455.24411pt
* \textheight=664.23584pt
* \oddsidemargin=-1.1381pt
* \evensidemargin=-1.1381pt
* \topmargin=-15.36449pt
* \headheight=12.0pt
* \headsep=25.0pt
* \topskip=12.0pt
* \footskip=30.0pt
* \marginparwidth=35.0pt
* \marginparsep=10.0pt
* \columnsep=10.0pt
* \skip\footins=10.8pt plus 4.0pt minus 2.0pt
* \hoffset=0.0pt
* \voffset=0.0pt
* \mag=1000
* \@twocolumnfalse
* \@twosidefalse
* \@mparswitchfalse
* \@reversemarginfalse
* (1in=72.27pt=25.4mm, 1cm=28.453pt)

LaTeX Font Info:    Try loading font information for T1+cmtt on input line 24.
("C:/Program Files (x86)/MiKTeX 2.9/tex/latex/base/t1cmtt.fd"
File: t1cmtt.fd 2014/09/29 v2.5h Standard LaTeX font definitions
)
(../tVar.lua)
(../matrix.lua)
LaTeX Font Info:    Try loading font information for U+msa on input line 1.
 ("C:/Program Files (x86)/MiKTeX 2.9/tex/latex/amsfonts/umsa.fd"
File: umsa.fd 2013/01/14 v3.01 AMS symbols A
)
LaTeX Font Info:    Try loading font information for U+msb on input line 1.
 ("C:/Program Files (x86)/MiKTeX 2.9/tex/latex/amsfonts/umsb.fd"
File: umsb.fd 2013/01/14 v3.01 AMS symbols B
) [1

{C:/ProgramData/MiKTeX/2.9/pdftex/config/pdftex.map}] [2] [3] [4]
Overfull \hbox (25.19997pt too wide) in paragraph at lines 253--268
[][][] 
 []


Underfull \hbox (badness 10000) in paragraph at lines 280--281
[][]|\T1/cmr/m/n/12 Aus-ga-be: Na-me=Glei-chung=Er-geb-nis. [bool]
 []


Overfull \hbox (25.19997pt too wide) in paragraph at lines 270--287
[][][] 
 []


Overfull \hbox (25.19997pt too wide) in paragraph at lines 289--308
[][][] 
 []


Package caption Warning: Unused \captionsetup[figure] on input line 44.
See the caption package documentation for explanation.


Overfull \hbox (44.0935pt too wide) in paragraph at lines 251--310
[]\T1/cmr/m/n/12 Wenn nicht an-ders an-ge-ge-ben, sind al-le Be-feh-le ent-spre
-chen der Hier-ar-chie \T1/cmr/bx/n/12 tVar \OMS/cmsy/m/n/12 ) \T1/cmr/bx/n/12 
tMat \OMS/cmsy/m/n/12 ) \T1/cmr/bx/n/12 tVec
 []


LaTeX Warning: `h' float specifier changed to `ht'.


LaTeX Warning: `h' float specifier changed to `ht'.

[5] [6] (./CONTENT_Sem.aux))

Here is how much of LuaTeX's memory you used:
 14249 strings out of 494701
 100000,383344 words of node,token memory allocated
 569 words of node memory still in use:
    nodes
   avail lists: 2:29,3:298,4:1654,5:798,6:2366,7:701,8:2,9:1743,10:175
 17457 multiletter control sequences out of 65536+200000
 42 fonts using 1185119 bytes
 43i,21n,58p,1212b,912s stack positions out of 5000i,500n,10000p,200000b,50000s
<<C:\Users\spech.OFFICE\AppData\Local\MiKTeX\2.9\fonts\pk\ljfour\jknappen\ec\dpi
650\ecbx1200.pk>><<C:\Users\spech.OFFICE\AppData\Local\MiKTeX\2.9\fonts\pk\ljfou
r\jknappen\ec\dpi650\ecrm1200.pk>><<C:\Users\spech.OFFICE\AppData\Local\MiKTeX\2
.9\fonts\pk\ljfour\jknappen\ec\dpi600\ectt1095.pk>><<C:\Users\spech.OFFICE\AppDa
ta\Local\MiKTeX\2.9\fonts\pk\ljfour\jknappen\ec\dpi600\ecrm1200.pk>><<C:\Users\s
pech.OFFICE\AppData\Local\MiKTeX\2.9\fonts\pk\ljfour\jknappen\ec\dpi650\ecbx1200
.pk>><<C:/Program Files (x86)/MiKTeX 2.9/fonts/type1/public/amsfonts/cm/cmbx12.p
fb><<C:/Program Files (x86)/MiKTeX 2.9/fonts/type1/public/amsfonts/cm/cmbx8.pfb>
<<C:/Program Files (x86)/MiKTeX 2.9/fonts/type1/public/amsfonts/cm/cmex10.pfb><<
C:/Program Files (x86)/MiKTeX 2.9/fonts/type1/public/amsfonts/cm/cmmi12.pfb><<C:
/Program Files (x86)/MiKTeX 2.9/fonts/type1/public/amsfonts/cm/cmmi8.pfb><<C:/Pr
ogram Files (x86)/MiKTeX 2.9/fonts/type1/public/amsfonts/cm/cmr12.pfb><<C:/Progr
am Files (x86)/MiKTeX 2.9/fonts/type1/public/amsfonts/cm/cmr8.pfb><<C:/Program F
iles (x86)/MiKTeX 2.9/fonts/type1/public/amsfonts/cm/cmsy10.pfb><<C:/Program Fil
es (x86)/MiKTeX 2.9/fonts/type1/public/amsfonts/cm/cmsy8.pfb>
Output written on CONTENT_Sem.pdf (6 pages, 182287 bytes).

PDF statistics: 325 PDF objects out of 1000 (max. 8388607)
 0 named destinations out of 1000 (max. 131072)
 1 words of extra memory for PDF output out of 10000 (max. 10000000)

